# JRE version: Java(TM) SE Runtime Environment (8.0_241-b07) (build 1.8.0_241-b07)
# Java VM: Java HotSpot(TM) 64-Bit Server VM (25.241-b07 mixed mode windows-amd64 compressed oops)
Heap:
 PSYoungGen      total 114688K, used 34178K [0x00000000d5f00000, 0x00000000e1880000, 0x0000000100000000)
  eden space 102912K, 33% used [0x00000000d5f00000,0x00000000d80609d0,0x00000000dc380000)
  from space 11776K, 0% used [0x00000000dc380000,0x00000000dc380000,0x00000000dcf00000)
  to   space 12288K, 0% used [0x00000000e0c80000,0x00000000e0c80000,0x00000000e1880000)
 ParOldGen       total 91136K, used 14260K [0x0000000081c00000, 0x0000000087500000, 0x00000000d5f00000)
  object space 91136K, 15% used [0x0000000081c00000,0x00000000829ed370,0x0000000087500000)
 Metaspace       used 35808K, capacity 38214K, committed 38528K, reserved 1083392K
  class space    used 4701K, capacity 5125K, committed 5248K, reserved 1048576K
GC Heap History (10 events):
Event: 2.106 GC heap before
{Heap before GC invocations=5 (full 1):
 PSYoungGen      total 71680K, used 5118K [0x00000000d5f00000, 0x00000000daa00000, 0x0000000100000000)
  eden space 66560K, 0% used [0x00000000d5f00000,0x00000000d5f00000,0x00000000da000000)
  from space 5120K, 99% used [0x00000000da500000,0x00000000da9ff8d0,0x00000000daa00000)
  to   space 5120K, 0% used [0x00000000da000000,0x00000000da000000,0x00000000da500000)
 ParOldGen       total 87552K, used 9154K [0x0000000081c00000, 0x0000000087180000, 0x00000000d5f00000)
  object space 87552K, 10% used [0x0000000081c00000,0x00000000824f0b98,0x0000000087180000)
 Metaspace       used 20191K, capacity 21192K, committed 21296K, reserved 1067008K
  class space    used 2670K, capacity 2886K, committed 2944K, reserved 1048576K
Event: 2.134 GC heap after
Heap after GC invocations=5 (full 1):
 PSYoungGen      total 71680K, used 0K [0x00000000d5f00000, 0x00000000daa00000, 0x0000000100000000)
  eden space 66560K, 0% used [0x00000000d5f00000,0x00000000d5f00000,0x00000000da000000)
  from space 5120K, 0% used [0x00000000da500000,0x00000000da500000,0x00000000daa00000)
  to   space 5120K, 0% used [0x00000000da000000,0x00000000da000000,0x00000000da500000)
 ParOldGen       total 60928K, used 8343K [0x0000000081c00000, 0x0000000085780000, 0x00000000d5f00000)
  object space 60928K, 13% used [0x0000000081c00000,0x0000000082425dc8,0x0000000085780000)
 Metaspace       used 20191K, capacity 21192K, committed 21296K, reserved 1067008K
  class space    used 2670K, capacity 2886K, committed 2944K, reserved 1048576K
}
Event: 2.721 GC heap before
{Heap before GC invocations=6 (full 1):
 PSYoungGen      total 71680K, used 66560K [0x00000000d5f00000, 0x00000000daa00000, 0x0000000100000000)
  eden space 66560K, 100% used [0x00000000d5f00000,0x00000000da000000,0x00000000da000000)
  from space 5120K, 0% used [0x00000000da500000,0x00000000da500000,0x00000000daa00000)
  to   space 5120K, 0% used [0x00000000da000000,0x00000000da000000,0x00000000da500000)
 ParOldGen       total 60928K, used 8343K [0x0000000081c00000, 0x0000000085780000, 0x00000000d5f00000)
  object space 60928K, 13% used [0x0000000081c00000,0x0000000082425dc8,0x0000000085780000)
 Metaspace       used 25340K, capacity 27150K, committed 27392K, reserved 1073152K
  class space    used 3418K, capacity 3765K, committed 3840K, reserved 1048576K
Event: 2.727 GC heap after
Heap after GC invocations=6 (full 1):
 PSYoungGen      total 71680K, used 5100K [0x00000000d5f00000, 0x00000000dd900000, 0x0000000100000000)
  eden space 66560K, 0% used [0x00000000d5f00000,0x00000000d5f00000,0x00000000da000000)
  from space 5120K, 99% used [0x00000000da000000,0x00000000da4fb230,0x00000000da500000)
  to   space 10240K, 0% used [0x00000000dcf00000,0x00000000dcf00000,0x00000000dd900000)
 ParOldGen       total 60928K, used 11047K [0x0000000081c00000, 0x0000000085780000, 0x00000000d5f00000)
  object space 60928K, 18% used [0x0000000081c00000,0x00000000826c9ce0,0x0000000085780000)
 Metaspace       used 25340K, capacity 27150K, committed 27392K, reserved 1073152K
  class space    used 3418K, capacity 3765K, committed 3840K, reserved 1048576K
}
Event: 3.492 GC heap before
{Heap before GC invocations=7 (full 1):
 PSYoungGen      total 71680K, used 71660K [0x00000000d5f00000, 0x00000000dd900000, 0x0000000100000000)
  eden space 66560K, 100% used [0x00000000d5f00000,0x00000000da000000,0x00000000da000000)
  from space 5120K, 99% used [0x00000000da000000,0x00000000da4fb230,0x00000000da500000)
  to   space 10240K, 0% used [0x00000000dcf00000,0x00000000dcf00000,0x00000000dd900000)
 ParOldGen       total 60928K, used 11047K [0x0000000081c00000, 0x0000000085780000, 0x00000000d5f00000)
  object space 60928K, 18% used [0x0000000081c00000,0x00000000826c9ce0,0x0000000085780000)
 Metaspace       used 31208K, capacity 33418K, committed 33536K, reserved 1079296K
  class space    used 4175K, capacity 4585K, committed 4608K, reserved 1048576K
Event: 3.501 GC heap after
Heap after GC invocations=7 (full 1):
 PSYoungGen      total 113152K, used 10214K [0x00000000d5f00000, 0x00000000dda80000, 0x0000000100000000)
  eden space 102912K, 0% used [0x00000000d5f00000,0x00000000d5f00000,0x00000000dc380000)
  from space 10240K, 99% used [0x00000000dcf00000,0x00000000dd8f98c0,0x00000000dd900000)
  to   space 11776K, 0% used [0x00000000dc380000,0x00000000dc380000,0x00000000dcf00000)
 ParOldGen       total 60928K, used 11875K [0x0000000081c00000, 0x0000000085780000, 0x00000000d5f00000)
  object space 60928K, 19% used [0x0000000081c00000,0x0000000082798ca0,0x0000000085780000)
 Metaspace       used 31208K, capacity 33418K, committed 33536K, reserved 1079296K
  class space    used 4175K, capacity 4585K, committed 4608K, reserved 1048576K
}
Event: 3.708 GC heap before
{Heap before GC invocations=8 (full 1):
 PSYoungGen      total 113152K, used 37200K [0x00000000d5f00000, 0x00000000dda80000, 0x0000000100000000)
  eden space 102912K, 26% used [0x00000000d5f00000,0x00000000d795aaa0,0x00000000dc380000)
  from space 10240K, 99% used [0x00000000dcf00000,0x00000000dd8f98c0,0x00000000dd900000)
  to   space 11776K, 0% used [0x00000000dc380000,0x00000000dc380000,0x00000000dcf00000)
 ParOldGen       total 60928K, used 11875K [0x0000000081c00000, 0x0000000085780000, 0x00000000d5f00000)
  object space 60928K, 19% used [0x0000000081c00000,0x0000000082798ca0,0x0000000085780000)
 Metaspace       used 33117K, capacity 35400K, committed 35496K, reserved 1079296K
  class space    used 4408K, capacity 4808K, committed 4864K, reserved 1048576K
Event: 3.716 GC heap after
Heap after GC invocations=8 (full 1):
 PSYoungGen      total 114688K, used 9105K [0x00000000d5f00000, 0x00000000e1880000, 0x0000000100000000)
  eden space 102912K, 0% used [0x00000000d5f00000,0x00000000d5f00000,0x00000000dc380000)
  from space 11776K, 77% used [0x00000000dc380000,0x00000000dcc646e8,0x00000000dcf00000)
  to   space 12288K, 0% used [0x00000000e0c80000,0x00000000e0c80000,0x00000000e1880000)
 ParOldGen       total 60928K, used 11883K [0x0000000081c00000, 0x0000000085780000, 0x00000000d5f00000)
  object space 60928K, 19% used [0x0000000081c00000,0x000000008279aca0,0x0000000085780000)
 Metaspace       used 33117K, capacity 35400K, committed 35496K, reserved 1079296K
  class space    used 4408K, capacity 4808K, committed 4864K, reserved 1048576K
}
Event: 3.716 GC heap before
{Heap before GC invocations=9 (full 2):
 PSYoungGen      total 114688K, used 9105K [0x00000000d5f00000, 0x00000000e1880000, 0x0000000100000000)
  eden space 102912K, 0% used [0x00000000d5f00000,0x00000000d5f00000,0x00000000dc380000)
  from space 11776K, 77% used [0x00000000dc380000,0x00000000dcc646e8,0x00000000dcf00000)
  to   space 12288K, 0% used [0x00000000e0c80000,0x00000000e0c80000,0x00000000e1880000)
 ParOldGen       total 60928K, used 11883K [0x0000000081c00000, 0x0000000085780000, 0x00000000d5f00000)
  object space 60928K, 19% used [0x0000000081c00000,0x000000008279aca0,0x0000000085780000)
 Metaspace       used 33117K, capacity 35400K, committed 35496K, reserved 1079296K
  class space    used 4408K, capacity 4808K, committed 4864K, reserved 1048576K
Event: 3.765 GC heap after
Heap after GC invocations=9 (full 2):
 PSYoungGen      total 114688K, used 0K [0x00000000d5f00000, 0x00000000e1880000, 0x0000000100000000)
  eden space 102912K, 0% used [0x00000000d5f00000,0x00000000d5f00000,0x00000000dc380000)
  from space 11776K, 0% used [0x00000000dc380000,0x00000000dc380000,0x00000000dcf00000)
  to   space 12288K, 0% used [0x00000000e0c80000,0x00000000e0c80000,0x00000000e1880000)
 ParOldGen       total 91136K, used 14260K [0x0000000081c00000, 0x0000000087500000, 0x00000000d5f00000)
  object space 91136K, 15% used [0x0000000081c00000,0x00000000829ed370,0x0000000087500000)
 Metaspace       used 33117K, capacity 35400K, committed 35496K, reserved 1079296K
  class space    used 4408K, capacity 4808K, committed 4864K, reserved 1048576K
}

